In file included from [01m[K/home/petar/project_ws/src/rotors_simulator/rotors_gazebo_plugins/src/gazebo_wind_plugin.cpp:22[m[K:
[01m[K/home/petar/project_ws/src/rotors_simulator/rotors_gazebo_plugins/include/rotors_gazebo_plugins/gazebo_wind_plugin.h:[m[K In constructor â€˜[01m[Kgazebo::GazeboWindPlugin::GazeboWindPlugin()[m[Kâ€™:
[01m[K/home/petar/project_ws/src/rotors_simulator/rotors_gazebo_plugins/include/rotors_gazebo_plugins/gazebo_wind_plugin.h:59:51:[m[K [01;31m[Kerror: [m[Kâ€˜[01m[KWIND[m[Kâ€™ is not a member of â€˜[01m[Kmav_msgs::default_topics[m[Kâ€™
   59 |         wind_pub_topic_(mav_msgs::default_topics::[01;31m[KWIND[m[K),
      |                                                   [01;31m[K^~~~[m[K
In file included from [01m[K/opt/ros/noetic/include/ros/assert.h:35[m[K,
                 from [01m[K/opt/ros/noetic/include/ros/common.h:36[m[K,
                 from [01m[K/opt/ros/noetic/include/ros/callback_queue_interface.h:39[m[K,
                 from [01m[K/opt/ros/noetic/include/ros/callback_queue.h:38[m[K,
                 from [01m[K/home/petar/project_ws/src/rotors_simulator/rotors_gazebo_plugins/include/rotors_gazebo_plugins/gazebo_motor_model.h:35[m[K,
                 from [01m[K/home/petar/project_ws/src/rotors_simulator/rotors_gazebo_plugins/src/gazebo_motor_model.cpp:21[m[K:
[01m[K/home/petar/project_ws/src/rotors_simulator/rotors_gazebo_plugins/src/gazebo_motor_model.cpp:[m[K In member function â€˜[01m[Kvoid gazebo::GazeboMotorModel::VelocityCallback(const ActuatorsConstPtr&)[m[Kâ€™:
[01m[K/home/petar/project_ws/src/rotors_simulator/rotors_gazebo_plugins/src/gazebo_motor_model.cpp:129:18:[m[K [01;35m[Kwarning: [m[Kformat â€˜[01m[K%d[m[Kâ€™ expects argument of type â€˜[01m[Kint[m[Kâ€™, but argument 9 has type â€˜[01m[Kstd::vector<double>::size_type[m[Kâ€™ {aka â€˜[01m[Klong unsigned int[m[Kâ€™} [[01;35m[K-Wformat=[m[K]
  129 |                  [01;35m[K"You tried to access index %d of the MotorSpeed message array which is of size %d."[m[K,
      |                  [01;35m[K^~~~~~~~~~~~~~~~~~~~~~~~~~~~~~~~~~~~~~~~~~~~~~~~~~~~~~~~~~~~~~~~~~~~~~~~~~~~~~~~~~~[m[K
  130 |                  motor_number_, [32m[Krot_velocities->angular_velocities.size()[m[K);
      |                                 [32m[K~~~~~~~~~~~~~~~~~~~~~~~~~~~~~~~~~~~~~~~~~[m[K
      |                                                                        [32m[K|[m[K
      |                                                                        [32m[Kstd::vector<double>::size_type {aka long unsigned int}[m[K
[01m[K/home/petar/project_ws/src/rotors_simulator/rotors_gazebo_plugins/src/gazebo_motor_model.cpp:129:98:[m[K [01;36m[Knote: [m[Kformat string is defined here
  129 |                  "You tried to access index %d of the MotorSpeed message array which is of size [01;36m[K%d[m[K.",
      |                                                                                                 [01;36m[K~^[m[K
      |                                                                                                  [01;36m[K|[m[K
      |                                                                                                  [01;36m[Kint[m[K
      |                                                                                                 [32m[K%ld[m[K
In file included from [01m[K/home/petar/project_ws/src/rotors_simulator/rotors_gazebo_plugins/src/gazebo_bag_plugin.cpp:22[m[K:
[01m[K/home/petar/project_ws/src/rotors_simulator/rotors_gazebo_plugins/include/rotors_gazebo_plugins/gazebo_bag_plugin.h:[m[K In constructor â€˜[01m[Kgazebo::GazeboBagPlugin::GazeboBagPlugin()[m[Kâ€™:
[01m[K/home/petar/project_ws/src/rotors_simulator/rotors_gazebo_plugins/include/rotors_gazebo_plugins/gazebo_bag_plugin.h:74:47:[m[K [01;31m[Kerror: [m[Kâ€˜[01m[KWIND[m[Kâ€™ is not a member of â€˜[01m[Kmav_msgs::default_topics[m[Kâ€™
   74 |         wind_topic_(mav_msgs::default_topics::[01;31m[KWIND[m[K),
      |                                               [01;31m[K^~~~[m[K
make[2]: *** [CMakeFiles/rotors_gazebo_wind_plugin.dir/build.make:63: CMakeFiles/rotors_gazebo_wind_plugin.dir/src/gazebo_wind_plugin.cpp.o] Error 1
make[1]: *** [CMakeFiles/Makefile2:1790: CMakeFiles/rotors_gazebo_wind_plugin.dir/all] Error 2
make[1]: *** Waiting for unfinished jobs....
make[2]: *** [CMakeFiles/rotors_gazebo_bag_plugin.dir/build.make:63: CMakeFiles/rotors_gazebo_bag_plugin.dir/src/gazebo_bag_plugin.cpp.o] Error 1
make[1]: *** [CMakeFiles/Makefile2:1576: CMakeFiles/rotors_gazebo_bag_plugin.dir/all] Error 2
make: *** [Makefile:141: all] Error 2
