In file included from [01m[K/home/petar/project_ws/src/turtlebot_rrt/src/turtlebot_rrt.cc:37[m[K:
[01m[K/home/petar/project_ws/src/turtlebot_rrt/include/turtlebot_rrt/turtlebot_rrt.h:44:10:[m[K [01;31m[Kfatal error: [m[Kmove_base_msgs/MoveBaseAction.h: No such file or directory
   44 | #include [01;31m[K<move_base_msgs/MoveBaseAction.h>[m[K
      |          [01;31m[K^~~~~~~~~~~~~~~~~~~~~~~~~~~~~~~~~[m[K
compilation terminated.
make[2]: *** [CMakeFiles/turtlebot_rrt.dir/build.make:63: CMakeFiles/turtlebot_rrt.dir/src/turtlebot_rrt.cc.o] Error 1
make[1]: *** [CMakeFiles/Makefile2:1908: CMakeFiles/turtlebot_rrt.dir/all] Error 2
make: *** [Makefile:141: all] Error 2
